[LOG] 2025-05-16 17:07:28 — 🔑 API Key ontvangen: 9TXkRo941oH1BKNgsv
[LOG] 2025-05-16 17:07:28 — ➡️ Headers: {'X-BAPI-API-KEY': '9TXkRo941oH1BKNgsv', 'X-BAPI-SIGN': 'f371bf4ccfa1f4451959f557184ccdafe1dbbb1632e33d51fd68a2d53b017224', 'X-BAPI-TIMESTAMP': '1747408048704', 'X-BAPI-RECV-WINDOW': '5000', 'Content-Type': 'application/json'}
[LOG] 2025-05-16 17:07:29 — ⬅️ Status: 200
[LOG] 2025-05-16 17:07:29 — 📦 Ontvangen JSON: {'retCode': 0, 'retMsg': 'OK', 'result': {'list': [{'totalEquity': '55.67422944', 'accountIMRate': '0', 'totalMarginBalance': '55.67422944', 'totalInitialMargin': '0', 'accountType': 'UNIFIED', 'totalAvailableBalance': '55.67422944', 'accountMMRate': '0', 'totalPerpUPL': '0', 'totalWalletBalance': '55.67422944', 'accountLTV': '0', 'totalMaintenanceMargin': '0', 'coin': [{'availableToBorrow': '', 'bonus': '0', 'accruedInterest': '0', 'availableToWithdraw': '', 'totalOrderIM': '0', 'equity': '55.66053695', 'totalPositionMM': '0', 'usdValue': '55.67422944', 'unrealisedPnl': '0', 'collateralSwitch': True, 'spotHedgingQty': '0', 'borrowAmount': '0.000000000000000000', 'totalPositionIM': '0', 'walletBalance': '55.66053695', 'cumRealisedPnl': '-311.45346305', 'locked': '0', 'marginCollateral': True, 'coin': 'USDT'}]}]}, 'retExtInfo': {}, 'time': 1747408049172}
[LOG] 2025-05-16 17:09:09 — 🔑 API Key ontvangen: 9TXkRo941oH1BKNgsv
[LOG] 2025-05-16 17:09:09 — ➡️ Headers: {'X-BAPI-API-KEY': '9TXkRo941oH1BKNgsv', 'X-BAPI-SIGN': '8b76b844bf8e3d1a6b2ff903712268f3508ff4c4d7239ed800f13574cd3dccdd', 'X-BAPI-TIMESTAMP': '1747408149313', 'X-BAPI-RECV-WINDOW': '5000', 'Content-Type': 'application/json'}
[LOG] 2025-05-16 17:09:09 — ⬅️ Status: 200
[LOG] 2025-05-16 17:09:09 — 📦 Ontvangen JSON: {'retCode': 0, 'retMsg': 'OK', 'result': {'list': [{'totalEquity': '55.68029644', 'accountIMRate': '0', 'totalMarginBalance': '55.68029644', 'totalInitialMargin': '0', 'accountType': 'UNIFIED', 'totalAvailableBalance': '55.68029644', 'accountMMRate': '0', 'totalPerpUPL': '0', 'totalWalletBalance': '55.68029644', 'accountLTV': '0', 'totalMaintenanceMargin': '0', 'coin': [{'availableToBorrow': '', 'bonus': '0', 'accruedInterest': '0', 'availableToWithdraw': '', 'totalOrderIM': '0', 'equity': '55.66053695', 'totalPositionMM': '0', 'usdValue': '55.68029644', 'unrealisedPnl': '0', 'collateralSwitch': True, 'spotHedgingQty': '0', 'borrowAmount': '0.000000000000000000', 'totalPositionIM': '0', 'walletBalance': '55.66053695', 'cumRealisedPnl': '-311.45346305', 'locked': '0', 'marginCollateral': True, 'coin': 'USDT'}]}]}, 'retExtInfo': {}, 'time': 1747408149816}
[LOG] 2025-05-16 19:29:44 — 🔑 API Key ontvangen: 9TXkRo941oH1BKNgsv
[LOG] 2025-05-16 19:29:44 — ➡️ Headers: {'X-BAPI-API-KEY': '9TXkRo941oH1BKNgsv', 'X-BAPI-SIGN': 'f499f7b454a37874c537b22fa33fa7563a86bf61b830aa930158ea27b98142d2', 'X-BAPI-TIMESTAMP': '1747416584771', 'X-BAPI-RECV-WINDOW': '5000', 'Content-Type': 'application/json'}
[LOG] 2025-05-16 19:29:45 — ⬅️ Status: 200
[LOG] 2025-05-16 19:29:45 — 📦 Ontvangen JSON: {'retCode': 0, 'retMsg': 'OK', 'result': {'list': [{'totalEquity': '55.68235588', 'accountIMRate': '0', 'totalMarginBalance': '55.68235588', 'totalInitialMargin': '0', 'accountType': 'UNIFIED', 'totalAvailableBalance': '55.68235588', 'accountMMRate': '0', 'totalPerpUPL': '0', 'totalWalletBalance': '55.68235588', 'accountLTV': '0', 'totalMaintenanceMargin': '0', 'coin': [{'availableToBorrow': '', 'bonus': '0', 'accruedInterest': '0', 'availableToWithdraw': '', 'totalOrderIM': '0', 'equity': '55.66053695', 'totalPositionMM': '0', 'usdValue': '55.68235588', 'unrealisedPnl': '0', 'collateralSwitch': True, 'spotHedgingQty': '0', 'borrowAmount': '0.000000000000000000', 'totalPositionIM': '0', 'walletBalance': '55.66053695', 'cumRealisedPnl': '-311.45346305', 'locked': '0', 'marginCollateral': True, 'coin': 'USDT'}]}]}, 'retExtInfo': {}, 'time': 1747416585288}
[LOG] 2025-05-16 19:29:45 — 🔑 API Key ontvangen: 9TXkRo941oH1BKNgsv
[LOG] 2025-05-16 19:29:45 — ➡️ Headers: {'X-BAPI-API-KEY': '9TXkRo941oH1BKNgsv', 'X-BAPI-SIGN': '4bb9736771a913108c4dae14f28647c4e39c687dc0c9c67f22e13473779c7695', 'X-BAPI-TIMESTAMP': '1747416585265', 'X-BAPI-RECV-WINDOW': '5000', 'Content-Type': 'application/json'}
[LOG] 2025-05-16 19:29:45 — ⬅️ Status: 200
[LOG] 2025-05-16 19:29:45 — 📦 Ontvangen JSON: {'retCode': 0, 'retMsg': 'OK', 'result': {'list': [{'totalEquity': '55.68235588', 'accountIMRate': '0', 'totalMarginBalance': '55.68235588', 'totalInitialMargin': '0', 'accountType': 'UNIFIED', 'totalAvailableBalance': '55.68235588', 'accountMMRate': '0', 'totalPerpUPL': '0', 'totalWalletBalance': '55.68235588', 'accountLTV': '0', 'totalMaintenanceMargin': '0', 'coin': [{'availableToBorrow': '', 'bonus': '0', 'accruedInterest': '0', 'availableToWithdraw': '', 'totalOrderIM': '0', 'equity': '55.66053695', 'totalPositionMM': '0', 'usdValue': '55.68235588', 'unrealisedPnl': '0', 'collateralSwitch': True, 'spotHedgingQty': '0', 'borrowAmount': '0.000000000000000000', 'totalPositionIM': '0', 'walletBalance': '55.66053695', 'cumRealisedPnl': '-311.45346305', 'locked': '0', 'marginCollateral': True, 'coin': 'USDT'}]}]}, 'retExtInfo': {}, 'time': 1747416585552}
[LOG] 2025-05-16 19:31:14 — 🔑 API Key ontvangen: 9TXkRo941oH1BKNgsv
[LOG] 2025-05-16 19:31:14 — ➡️ Headers: {'X-BAPI-API-KEY': '9TXkRo941oH1BKNgsv', 'X-BAPI-SIGN': '7cc90010d1f680b1a0b8a34255afa0aecd9f7b89ee14647cfb5279a96154c780', 'X-BAPI-TIMESTAMP': '1747416674194', 'X-BAPI-RECV-WINDOW': '5000', 'Content-Type': 'application/json'}
[LOG] 2025-05-16 19:31:14 — ⬅️ Status: 200
[LOG] 2025-05-16 19:31:14 — 📦 Ontvangen JSON: {'retCode': 0, 'retMsg': 'OK', 'result': {'list': [{'totalEquity': '55.6824672', 'accountIMRate': '0', 'totalMarginBalance': '55.6824672', 'totalInitialMargin': '0', 'accountType': 'UNIFIED', 'totalAvailableBalance': '55.6824672', 'accountMMRate': '0', 'totalPerpUPL': '0', 'totalWalletBalance': '55.6824672', 'accountLTV': '0', 'totalMaintenanceMargin': '0', 'coin': [{'availableToBorrow': '', 'bonus': '0', 'accruedInterest': '0', 'availableToWithdraw': '', 'totalOrderIM': '0', 'equity': '55.66053695', 'totalPositionMM': '0', 'usdValue': '55.6824672', 'unrealisedPnl': '0', 'collateralSwitch': True, 'spotHedgingQty': '0', 'borrowAmount': '0.000000000000000000', 'totalPositionIM': '0', 'walletBalance': '55.66053695', 'cumRealisedPnl': '-311.45346305', 'locked': '0', 'marginCollateral': True, 'coin': 'USDT'}]}]}, 'retExtInfo': {}, 'time': 1747416674641}
[LOG] 2025-05-16 19:31:14 — 🔑 API Key ontvangen: 9TXkRo941oH1BKNgsv
[LOG] 2025-05-16 19:31:14 — ➡️ Headers: {'X-BAPI-API-KEY': '9TXkRo941oH1BKNgsv', 'X-BAPI-SIGN': '305feee5650f8805f18881769a02fc2466709229d8ab2657e4390b957c08be31', 'X-BAPI-TIMESTAMP': '1747416674617', 'X-BAPI-RECV-WINDOW': '5000', 'Content-Type': 'application/json'}
[LOG] 2025-05-16 19:31:14 — ⬅️ Status: 200
[LOG] 2025-05-16 19:31:14 — 📦 Ontvangen JSON: {'retCode': 0, 'retMsg': 'OK', 'result': {'list': [{'totalEquity': '55.6824672', 'accountIMRate': '0', 'totalMarginBalance': '55.6824672', 'totalInitialMargin': '0', 'accountType': 'UNIFIED', 'totalAvailableBalance': '55.6824672', 'accountMMRate': '0', 'totalPerpUPL': '0', 'totalWalletBalance': '55.6824672', 'accountLTV': '0', 'totalMaintenanceMargin': '0', 'coin': [{'availableToBorrow': '', 'bonus': '0', 'accruedInterest': '0', 'availableToWithdraw': '', 'totalOrderIM': '0', 'equity': '55.66053695', 'totalPositionMM': '0', 'usdValue': '55.6824672', 'unrealisedPnl': '0', 'collateralSwitch': True, 'spotHedgingQty': '0', 'borrowAmount': '0.000000000000000000', 'totalPositionIM': '0', 'walletBalance': '55.66053695', 'cumRealisedPnl': '-311.45346305', 'locked': '0', 'marginCollateral': True, 'coin': 'USDT'}]}]}, 'retExtInfo': {}, 'time': 1747416674910}
[LOG] 2025-05-16 19:33:52 — 🔑 API Key ontvangen: 9TXkRo941oH1BKNgsv
[LOG] 2025-05-16 19:33:52 — ➡️ Headers: {'X-BAPI-API-KEY': '9TXkRo941oH1BKNgsv', 'X-BAPI-SIGN': '2426db8b1c25e4d89cdf4e3ff8e62fdea4b105fb1466a7b580121ff9ee536973', 'X-BAPI-TIMESTAMP': '1747416832909', 'X-BAPI-RECV-WINDOW': '5000', 'Content-Type': 'application/json'}
[LOG] 2025-05-16 19:33:53 — ⬅️ Status: 200
[LOG] 2025-05-16 19:33:53 — 📦 Ontvangen JSON: {'retCode': 0, 'retMsg': 'OK', 'result': {'list': [{'totalEquity': '55.68319078', 'accountIMRate': '0', 'totalMarginBalance': '55.68319078', 'totalInitialMargin': '0', 'accountType': 'UNIFIED', 'totalAvailableBalance': '55.68319078', 'accountMMRate': '0', 'totalPerpUPL': '0', 'totalWalletBalance': '55.68319078', 'accountLTV': '0', 'totalMaintenanceMargin': '0', 'coin': [{'availableToBorrow': '', 'bonus': '0', 'accruedInterest': '0', 'availableToWithdraw': '', 'totalOrderIM': '0', 'equity': '55.66053695', 'totalPositionMM': '0', 'usdValue': '55.68319078', 'unrealisedPnl': '0', 'collateralSwitch': True, 'spotHedgingQty': '0', 'borrowAmount': '0.000000000000000000', 'totalPositionIM': '0', 'walletBalance': '55.66053695', 'cumRealisedPnl': '-311.45346305', 'locked': '0', 'marginCollateral': True, 'coin': 'USDT'}]}]}, 'retExtInfo': {}, 'time': 1747416833409}
[LOG] 2025-05-16 19:33:53 — 🔑 API Key ontvangen: 9TXkRo941oH1BKNgsv
[LOG] 2025-05-16 19:33:53 — ➡️ Headers: {'X-BAPI-API-KEY': '9TXkRo941oH1BKNgsv', 'X-BAPI-SIGN': '439f504bde6f0f1d14f8c77553df7390e220a1880174f2b8d8fbaa68438c2b74', 'X-BAPI-TIMESTAMP': '1747416833387', 'X-BAPI-RECV-WINDOW': '5000', 'Content-Type': 'application/json'}
[LOG] 2025-05-16 19:33:53 — ⬅️ Status: 200
[LOG] 2025-05-16 19:33:53 — 📦 Ontvangen JSON: {'retCode': 0, 'retMsg': 'OK', 'result': {'list': [{'totalEquity': '55.68319078', 'accountIMRate': '0', 'totalMarginBalance': '55.68319078', 'totalInitialMargin': '0', 'accountType': 'UNIFIED', 'totalAvailableBalance': '55.68319078', 'accountMMRate': '0', 'totalPerpUPL': '0', 'totalWalletBalance': '55.68319078', 'accountLTV': '0', 'totalMaintenanceMargin': '0', 'coin': [{'availableToBorrow': '', 'bonus': '0', 'accruedInterest': '0', 'availableToWithdraw': '', 'totalOrderIM': '0', 'equity': '55.66053695', 'totalPositionMM': '0', 'usdValue': '55.68319078', 'unrealisedPnl': '0', 'collateralSwitch': True, 'spotHedgingQty': '0', 'borrowAmount': '0.000000000000000000', 'totalPositionIM': '0', 'walletBalance': '55.66053695', 'cumRealisedPnl': '-311.45346305', 'locked': '0', 'marginCollateral': True, 'coin': 'USDT'}]}]}, 'retExtInfo': {}, 'time': 1747416833689}
[LOG] 2025-05-16 19:36:11 — 🔑 API Key ontvangen: 9TXkRo941oH1BKNgsv
[LOG] 2025-05-16 19:36:11 — ➡️ Headers: {'X-BAPI-API-KEY': '9TXkRo941oH1BKNgsv', 'X-BAPI-SIGN': 'f6a05fb0d784f4115aab16836db488a8b176860946806017a913b54f77622093', 'X-BAPI-TIMESTAMP': '1747416971600', 'X-BAPI-RECV-WINDOW': '5000', 'Content-Type': 'application/json'}
[LOG] 2025-05-16 19:36:12 — ⬅️ Status: 200
[LOG] 2025-05-16 19:36:12 — 📦 Ontvangen JSON: {'retCode': 0, 'retMsg': 'OK', 'result': {'list': [{'totalEquity': '55.68280116', 'accountIMRate': '0', 'totalMarginBalance': '55.68280116', 'totalInitialMargin': '0', 'accountType': 'UNIFIED', 'totalAvailableBalance': '55.68280116', 'accountMMRate': '0', 'totalPerpUPL': '0', 'totalWalletBalance': '55.68280116', 'accountLTV': '0', 'totalMaintenanceMargin': '0', 'coin': [{'availableToBorrow': '', 'bonus': '0', 'accruedInterest': '0', 'availableToWithdraw': '', 'totalOrderIM': '0', 'equity': '55.66053695', 'totalPositionMM': '0', 'usdValue': '55.68280116', 'unrealisedPnl': '0', 'collateralSwitch': True, 'spotHedgingQty': '0', 'borrowAmount': '0.000000000000000000', 'totalPositionIM': '0', 'walletBalance': '55.66053695', 'cumRealisedPnl': '-311.45346305', 'locked': '0', 'marginCollateral': True, 'coin': 'USDT'}]}]}, 'retExtInfo': {}, 'time': 1747416972075}
[LOG] 2025-05-16 19:36:12 — 🔑 API Key ontvangen: 9TXkRo941oH1BKNgsv
[LOG] 2025-05-16 19:36:12 — ➡️ Headers: {'X-BAPI-API-KEY': '9TXkRo941oH1BKNgsv', 'X-BAPI-SIGN': '27bd4ce804ceca99411f6d2af2f988bdde3e9a0167d253ccdcfbe5dbc3b5e70c', 'X-BAPI-TIMESTAMP': '1747416972047', 'X-BAPI-RECV-WINDOW': '5000', 'Content-Type': 'application/json'}
[LOG] 2025-05-16 19:36:12 — ⬅️ Status: 200
[LOG] 2025-05-16 19:36:12 — 📦 Ontvangen JSON: {'retCode': 0, 'retMsg': 'OK', 'result': {'list': [{'totalEquity': '55.68280116', 'accountIMRate': '0', 'totalMarginBalance': '55.68280116', 'totalInitialMargin': '0', 'accountType': 'UNIFIED', 'totalAvailableBalance': '55.68280116', 'accountMMRate': '0', 'totalPerpUPL': '0', 'totalWalletBalance': '55.68280116', 'accountLTV': '0', 'totalMaintenanceMargin': '0', 'coin': [{'availableToBorrow': '', 'bonus': '0', 'accruedInterest': '0', 'availableToWithdraw': '', 'totalOrderIM': '0', 'equity': '55.66053695', 'totalPositionMM': '0', 'usdValue': '55.68280116', 'unrealisedPnl': '0', 'collateralSwitch': True, 'spotHedgingQty': '0', 'borrowAmount': '0.000000000000000000', 'totalPositionIM': '0', 'walletBalance': '55.66053695', 'cumRealisedPnl': '-311.45346305', 'locked': '0', 'marginCollateral': True, 'coin': 'USDT'}]}]}, 'retExtInfo': {}, 'time': 1747416972321}
[LOG] 2025-05-16 19:51:54 — 🔑 API Key ontvangen: 9TXkRo941oH1BKNgsv
[LOG] 2025-05-16 19:51:54 — ➡️ Headers: {'X-BAPI-API-KEY': '9TXkRo941oH1BKNgsv', 'X-BAPI-SIGN': '66acd10c9228f6ccf55ce2ee61123820b0e9bb360fc7571d4faffa09110e8761', 'X-BAPI-TIMESTAMP': '1747417914562', 'X-BAPI-RECV-WINDOW': '5000', 'Content-Type': 'application/json'}
[LOG] 2025-05-16 19:51:54 — ⬅️ Status: 200
[LOG] 2025-05-16 19:51:54 — 📦 Ontvangen JSON: {'retCode': 0, 'retMsg': 'OK', 'result': {'list': [{'totalEquity': '55.67560762', 'accountIMRate': '0.0069', 'totalMarginBalance': '55.67560762', 'totalInitialMargin': '0.38799216', 'accountType': 'UNIFIED', 'totalAvailableBalance': '55.28761545', 'accountMMRate': '0.0035', 'totalPerpUPL': '-0.00210084', 'totalWalletBalance': '55.67770846', 'accountLTV': '0', 'totalMaintenanceMargin': '0.19673112', 'coin': [{'availableToBorrow': '', 'bonus': '0', 'accruedInterest': '0', 'availableToWithdraw': '', 'totalOrderIM': '0', 'equity': '55.65317939', 'totalPositionMM': '0.19665187', 'usdValue': '55.67560762', 'unrealisedPnl': '-0.0021', 'collateralSwitch': True, 'spotHedgingQty': '0', 'borrowAmount': '0.000000000000000000', 'totalPositionIM': '0.38783587', 'walletBalance': '55.65527939', 'cumRealisedPnl': '-311.45872061', 'locked': '0', 'marginCollateral': True, 'coin': 'USDT'}]}]}, 'retExtInfo': {}, 'time': 1747417915019}
[LOG] 2025-05-16 19:51:54 — 🔑 API Key ontvangen: 9TXkRo941oH1BKNgsv
[LOG] 2025-05-16 19:51:54 — ➡️ Headers: {'X-BAPI-API-KEY': '9TXkRo941oH1BKNgsv', 'X-BAPI-SIGN': '5d1fc49746741cd775212343fadef59f348adc60243f47b3aa0d63927b874199', 'X-BAPI-TIMESTAMP': '1747417914991', 'X-BAPI-RECV-WINDOW': '5000', 'Content-Type': 'application/json'}
[LOG] 2025-05-16 19:51:55 — ⬅️ Status: 200
[LOG] 2025-05-16 19:51:55 — 📦 Ontvangen JSON: {'retCode': 0, 'retMsg': 'OK', 'result': {'list': [{'totalEquity': '55.67560762', 'accountIMRate': '0.0069', 'totalMarginBalance': '55.67560762', 'totalInitialMargin': '0.38799216', 'accountType': 'UNIFIED', 'totalAvailableBalance': '55.28761545', 'accountMMRate': '0.0035', 'totalPerpUPL': '-0.00210084', 'totalWalletBalance': '55.67770846', 'accountLTV': '0', 'totalMaintenanceMargin': '0.19673112', 'coin': [{'availableToBorrow': '', 'bonus': '0', 'accruedInterest': '0', 'availableToWithdraw': '', 'totalOrderIM': '0', 'equity': '55.65317939', 'totalPositionMM': '0.19665187', 'usdValue': '55.67560762', 'unrealisedPnl': '-0.0021', 'collateralSwitch': True, 'spotHedgingQty': '0', 'borrowAmount': '0.000000000000000000', 'totalPositionIM': '0.38783587', 'walletBalance': '55.65527939', 'cumRealisedPnl': '-311.45872061', 'locked': '0', 'marginCollateral': True, 'coin': 'USDT'}]}]}, 'retExtInfo': {}, 'time': 1747417915287}
[LOG] 2025-05-16 19:52:17 — 🔑 API Key ontvangen: 9TXkRo941oH1BKNgsv
[LOG] 2025-05-16 19:52:17 — ➡️ Headers: {'X-BAPI-API-KEY': '9TXkRo941oH1BKNgsv', 'X-BAPI-SIGN': '57a2f806bb438fb744074109f6a254f5070fb504d83ab67e33d674edd1d83ae2', 'X-BAPI-TIMESTAMP': '1747417937427', 'X-BAPI-RECV-WINDOW': '5000', 'Content-Type': 'application/json'}
[LOG] 2025-05-16 19:52:17 — ⬅️ Status: 200
[LOG] 2025-05-16 19:52:17 — 📦 Ontvangen JSON: {'retCode': 0, 'retMsg': 'OK', 'result': {'list': [{'totalEquity': '55.68003194', 'accountIMRate': '0.0069', 'totalMarginBalance': '55.68003194', 'totalInitialMargin': '0.38799371', 'accountType': 'UNIFIED', 'totalAvailableBalance': '55.29203822', 'accountMMRate': '0.0035', 'totalPerpUPL': '0.00210085', 'totalWalletBalance': '55.67793108', 'accountLTV': '0', 'totalMaintenanceMargin': '0.1967319', 'coin': [{'availableToBorrow': '', 'bonus': '0', 'accruedInterest': '0', 'availableToWithdraw': '', 'totalOrderIM': '0', 'equity': '55.65737939', 'totalPositionMM': '0.19665187', 'usdValue': '55.68003194', 'unrealisedPnl': '0.0021', 'collateralSwitch': True, 'spotHedgingQty': '0', 'borrowAmount': '0.000000000000000000', 'totalPositionIM': '0.38783587', 'walletBalance': '55.65527939', 'cumRealisedPnl': '-311.45872061', 'locked': '0', 'marginCollateral': True, 'coin': 'USDT'}]}]}, 'retExtInfo': {}, 'time': 1747417937704}
[LOG] 2025-05-16 19:52:17 — 🔑 API Key ontvangen: 9TXkRo941oH1BKNgsv
[LOG] 2025-05-16 19:52:17 — ➡️ Headers: {'X-BAPI-API-KEY': '9TXkRo941oH1BKNgsv', 'X-BAPI-SIGN': '05b5f19598d3bc01cab77f7b42973238276547244d4f9faa87307286575840e6', 'X-BAPI-TIMESTAMP': '1747417937671', 'X-BAPI-RECV-WINDOW': '5000', 'Content-Type': 'application/json'}
[LOG] 2025-05-16 19:52:17 — ⬅️ Status: 200
[LOG] 2025-05-16 19:52:17 — 📦 Ontvangen JSON: {'retCode': 0, 'retMsg': 'OK', 'result': {'list': [{'totalEquity': '55.68003194', 'accountIMRate': '0.0069', 'totalMarginBalance': '55.68003194', 'totalInitialMargin': '0.38799371', 'accountType': 'UNIFIED', 'totalAvailableBalance': '55.29203822', 'accountMMRate': '0.0035', 'totalPerpUPL': '0.00210085', 'totalWalletBalance': '55.67793108', 'accountLTV': '0', 'totalMaintenanceMargin': '0.1967319', 'coin': [{'availableToBorrow': '', 'bonus': '0', 'accruedInterest': '0', 'availableToWithdraw': '', 'totalOrderIM': '0', 'equity': '55.65737939', 'totalPositionMM': '0.19665187', 'usdValue': '55.68003194', 'unrealisedPnl': '0.0021', 'collateralSwitch': True, 'spotHedgingQty': '0', 'borrowAmount': '0.000000000000000000', 'totalPositionIM': '0.38783587', 'walletBalance': '55.65527939', 'cumRealisedPnl': '-311.45872061', 'locked': '0', 'marginCollateral': True, 'coin': 'USDT'}]}]}, 'retExtInfo': {}, 'time': 1747417937949}
[LOG] 2025-05-16 20:48:05 — 🔑 API Key ontvangen: 9TXkRo941oH1BKNgsv
[LOG] 2025-05-16 20:48:05 — ➡️ Headers: {'X-BAPI-API-KEY': '9TXkRo941oH1BKNgsv', 'X-BAPI-SIGN': '868feb0fe2d4db6a0b8b133b37aedb154649f70875524b275a0b404275e606e7', 'X-BAPI-TIMESTAMP': '1747421285983', 'X-BAPI-RECV-WINDOW': '5000', 'Content-Type': 'application/json'}
[LOG] 2025-05-16 20:48:06 — ⬅️ Status: 200
[LOG] 2025-05-16 20:48:06 — 📦 Ontvangen JSON: {'retCode': 0, 'retMsg': 'OK', 'result': {'list': [{'totalEquity': '5.74007215', 'accountIMRate': '0', 'totalMarginBalance': '5.74007215', 'totalInitialMargin': '0', 'accountType': 'UNIFIED', 'totalAvailableBalance': '5.74007215', 'accountMMRate': '0', 'totalPerpUPL': '0', 'totalWalletBalance': '5.74007215', 'accountLTV': '0', 'totalMaintenanceMargin': '0', 'coin': [{'availableToBorrow': '', 'bonus': '0', 'accruedInterest': '0', 'availableToWithdraw': '', 'totalOrderIM': '0', 'equity': '5.73827034', 'totalPositionMM': '0', 'usdValue': '5.74007215', 'unrealisedPnl': '0', 'collateralSwitch': True, 'spotHedgingQty': '0', 'borrowAmount': '0.000000000000000000', 'totalPositionIM': '0', 'walletBalance': '5.73827034', 'cumRealisedPnl': '-311.37572966', 'locked': '0', 'marginCollateral': True, 'coin': 'USDT'}]}]}, 'retExtInfo': {}, 'time': 1747421286362}
[LOG] 2025-05-16 20:48:06 — 🔑 API Key ontvangen: 9TXkRo941oH1BKNgsv
[LOG] 2025-05-16 20:48:06 — ➡️ Headers: {'X-BAPI-API-KEY': '9TXkRo941oH1BKNgsv', 'X-BAPI-SIGN': 'db2b9a1911b5696caaaf7c06c66606067d4dfc69312b2fc91b21c61aa805f487', 'X-BAPI-TIMESTAMP': '1747421286420', 'X-BAPI-RECV-WINDOW': '5000', 'Content-Type': 'application/json'}
[LOG] 2025-05-16 20:48:06 — ⬅️ Status: 200
[LOG] 2025-05-16 20:48:06 — 📦 Ontvangen JSON: {'retCode': 0, 'retMsg': 'OK', 'result': {'list': [{'totalEquity': '5.74007215', 'accountIMRate': '0', 'totalMarginBalance': '5.74007215', 'totalInitialMargin': '0', 'accountType': 'UNIFIED', 'totalAvailableBalance': '5.74007215', 'accountMMRate': '0', 'totalPerpUPL': '0', 'totalWalletBalance': '5.74007215', 'accountLTV': '0', 'totalMaintenanceMargin': '0', 'coin': [{'availableToBorrow': '', 'bonus': '0', 'accruedInterest': '0', 'availableToWithdraw': '', 'totalOrderIM': '0', 'equity': '5.73827034', 'totalPositionMM': '0', 'usdValue': '5.74007215', 'unrealisedPnl': '0', 'collateralSwitch': True, 'spotHedgingQty': '0', 'borrowAmount': '0.000000000000000000', 'totalPositionIM': '0', 'walletBalance': '5.73827034', 'cumRealisedPnl': '-311.37572966', 'locked': '0', 'marginCollateral': True, 'coin': 'USDT'}]}]}, 'retExtInfo': {}, 'time': 1747421286627}
[LOG] 2025-05-16 22:02:31 — 🔑 API Key ontvangen: 9TXkRo941oH1BKNgsv
[LOG] 2025-05-16 22:02:31 — ➡️ Headers: {'X-BAPI-API-KEY': '9TXkRo941oH1BKNgsv', 'X-BAPI-SIGN': '59f04fe90c5b0fcd07e941a818bad28dcb86e331607dbe0dc308b4a50fa1c7d2', 'X-BAPI-TIMESTAMP': '1747425751130', 'X-BAPI-RECV-WINDOW': '5000', 'Content-Type': 'application/json'}
[LOG] 2025-05-16 22:02:31 — ⬅️ Status: 200
[LOG] 2025-05-16 22:02:31 — 📦 Ontvangen JSON: {'retCode': 0, 'retMsg': 'OK', 'result': {'list': [{'totalEquity': '5.74035333', 'accountIMRate': '0', 'totalMarginBalance': '5.74035333', 'totalInitialMargin': '0', 'accountType': 'UNIFIED', 'totalAvailableBalance': '5.74035333', 'accountMMRate': '0', 'totalPerpUPL': '0', 'totalWalletBalance': '5.74035333', 'accountLTV': '0', 'totalMaintenanceMargin': '0', 'coin': [{'availableToBorrow': '', 'bonus': '0', 'accruedInterest': '0', 'availableToWithdraw': '', 'totalOrderIM': '0', 'equity': '5.73827034', 'totalPositionMM': '0', 'usdValue': '5.74035333', 'unrealisedPnl': '0', 'collateralSwitch': True, 'spotHedgingQty': '0', 'borrowAmount': '0.000000000000000000', 'totalPositionIM': '0', 'walletBalance': '5.73827034', 'cumRealisedPnl': '-311.37572966', 'locked': '0', 'marginCollateral': True, 'coin': 'USDT'}]}]}, 'retExtInfo': {}, 'time': 1747425751627}
[LOG] 2025-05-16 22:02:31 — 🔑 API Key ontvangen: 9TXkRo941oH1BKNgsv
[LOG] 2025-05-16 22:02:31 — ➡️ Headers: {'X-BAPI-API-KEY': '9TXkRo941oH1BKNgsv', 'X-BAPI-SIGN': '2f46e1e35a9c8e70763c246300668630e573b79f3401b8f8671261194b224e30', 'X-BAPI-TIMESTAMP': '1747425751615', 'X-BAPI-RECV-WINDOW': '5000', 'Content-Type': 'application/json'}
[LOG] 2025-05-16 22:02:31 — ⬅️ Status: 200
[LOG] 2025-05-16 22:02:31 — 📦 Ontvangen JSON: {'retCode': 0, 'retMsg': 'OK', 'result': {'list': [{'totalEquity': '5.74035333', 'accountIMRate': '0', 'totalMarginBalance': '5.74035333', 'totalInitialMargin': '0', 'accountType': 'UNIFIED', 'totalAvailableBalance': '5.74035333', 'accountMMRate': '0', 'totalPerpUPL': '0', 'totalWalletBalance': '5.74035333', 'accountLTV': '0', 'totalMaintenanceMargin': '0', 'coin': [{'availableToBorrow': '', 'bonus': '0', 'accruedInterest': '0', 'availableToWithdraw': '', 'totalOrderIM': '0', 'equity': '5.73827034', 'totalPositionMM': '0', 'usdValue': '5.74035333', 'unrealisedPnl': '0', 'collateralSwitch': True, 'spotHedgingQty': '0', 'borrowAmount': '0.000000000000000000', 'totalPositionIM': '0', 'walletBalance': '5.73827034', 'cumRealisedPnl': '-311.37572966', 'locked': '0', 'marginCollateral': True, 'coin': 'USDT'}]}]}, 'retExtInfo': {}, 'time': 1747425751865}
[LOG] 2025-05-16 22:02:47 — 🔑 API Key ontvangen: 9TXkRo941oH1BKNgsv
[LOG] 2025-05-16 22:02:47 — ➡️ Headers: {'X-BAPI-API-KEY': '9TXkRo941oH1BKNgsv', 'X-BAPI-SIGN': '176f7d86eba96c21a69ee40293d6818ecf7337c51c5a8ca62c7c010c8856066f', 'X-BAPI-TIMESTAMP': '1747425767066', 'X-BAPI-RECV-WINDOW': '5000', 'Content-Type': 'application/json'}
[LOG] 2025-05-16 22:02:47 — ⬅️ Status: 200
[LOG] 2025-05-16 22:02:47 — 📦 Ontvangen JSON: {'retCode': 0, 'retMsg': 'OK', 'result': {'list': [{'totalEquity': '5.74035333', 'accountIMRate': '0', 'totalMarginBalance': '5.74035333', 'totalInitialMargin': '0', 'accountType': 'UNIFIED', 'totalAvailableBalance': '5.74035333', 'accountMMRate': '0', 'totalPerpUPL': '0', 'totalWalletBalance': '5.74035333', 'accountLTV': '0', 'totalMaintenanceMargin': '0', 'coin': [{'availableToBorrow': '', 'bonus': '0', 'accruedInterest': '0', 'availableToWithdraw': '', 'totalOrderIM': '0', 'equity': '5.73827034', 'totalPositionMM': '0', 'usdValue': '5.74035333', 'unrealisedPnl': '0', 'collateralSwitch': True, 'spotHedgingQty': '0', 'borrowAmount': '0.000000000000000000', 'totalPositionIM': '0', 'walletBalance': '5.73827034', 'cumRealisedPnl': '-311.37572966', 'locked': '0', 'marginCollateral': True, 'coin': 'USDT'}]}]}, 'retExtInfo': {}, 'time': 1747425767330}
[LOG] 2025-05-16 22:02:47 — 🔑 API Key ontvangen: 9TXkRo941oH1BKNgsv
[LOG] 2025-05-16 22:02:47 — ➡️ Headers: {'X-BAPI-API-KEY': '9TXkRo941oH1BKNgsv', 'X-BAPI-SIGN': 'a56a2fd5865fa339449450a0c7f4a3041b66261a3c4c2116fb752025f8e409ba', 'X-BAPI-TIMESTAMP': '1747425767351', 'X-BAPI-RECV-WINDOW': '5000', 'Content-Type': 'application/json'}
[LOG] 2025-05-16 22:02:47 — ⬅️ Status: 200
[LOG] 2025-05-16 22:02:47 — 📦 Ontvangen JSON: {'retCode': 0, 'retMsg': 'OK', 'result': {'list': [{'totalEquity': '5.74035333', 'accountIMRate': '0', 'totalMarginBalance': '5.74035333', 'totalInitialMargin': '0', 'accountType': 'UNIFIED', 'totalAvailableBalance': '5.74035333', 'accountMMRate': '0', 'totalPerpUPL': '0', 'totalWalletBalance': '5.74035333', 'accountLTV': '0', 'totalMaintenanceMargin': '0', 'coin': [{'availableToBorrow': '', 'bonus': '0', 'accruedInterest': '0', 'availableToWithdraw': '', 'totalOrderIM': '0', 'equity': '5.73827034', 'totalPositionMM': '0', 'usdValue': '5.74035333', 'unrealisedPnl': '0', 'collateralSwitch': True, 'spotHedgingQty': '0', 'borrowAmount': '0.000000000000000000', 'totalPositionIM': '0', 'walletBalance': '5.73827034', 'cumRealisedPnl': '-311.37572966', 'locked': '0', 'marginCollateral': True, 'coin': 'USDT'}]}]}, 'retExtInfo': {}, 'time': 1747425767621}
[LOG] 2025-05-16 22:14:47 — 🔑 API Key ontvangen: 9TXkRo941oH1BKNgsv
[LOG] 2025-05-16 22:14:47 — ➡️ Headers: {'X-BAPI-API-KEY': '9TXkRo941oH1BKNgsv', 'X-BAPI-SIGN': '3d378494c43a79fb7c7404b6b9690f8538484c48082ecb5cd07b6c54bb9612c3', 'X-BAPI-TIMESTAMP': '1747426487722', 'X-BAPI-RECV-WINDOW': '5000', 'Content-Type': 'application/json'}
[LOG] 2025-05-16 22:14:48 — ⬅️ Status: 200
[LOG] 2025-05-16 22:14:48 — 📦 Ontvangen JSON: {'retCode': 0, 'retMsg': 'OK', 'result': {'list': [{'totalEquity': '5.74042219', 'accountIMRate': '0', 'totalMarginBalance': '5.74042219', 'totalInitialMargin': '0', 'accountType': 'UNIFIED', 'totalAvailableBalance': '5.74042219', 'accountMMRate': '0', 'totalPerpUPL': '0', 'totalWalletBalance': '5.74042219', 'accountLTV': '0', 'totalMaintenanceMargin': '0', 'coin': [{'availableToBorrow': '', 'bonus': '0', 'accruedInterest': '0', 'availableToWithdraw': '', 'totalOrderIM': '0', 'equity': '5.73827034', 'totalPositionMM': '0', 'usdValue': '5.74042219', 'unrealisedPnl': '0', 'collateralSwitch': True, 'spotHedgingQty': '0', 'borrowAmount': '0.000000000000000000', 'totalPositionIM': '0', 'walletBalance': '5.73827034', 'cumRealisedPnl': '-311.37572966', 'locked': '0', 'marginCollateral': True, 'coin': 'USDT'}]}]}, 'retExtInfo': {}, 'time': 1747426488180}
[LOG] 2025-05-16 22:14:48 — 🔑 API Key ontvangen: 9TXkRo941oH1BKNgsv
[LOG] 2025-05-16 22:14:48 — ➡️ Headers: {'X-BAPI-API-KEY': '9TXkRo941oH1BKNgsv', 'X-BAPI-SIGN': '203018054edf2897ce3b8a698b628ffd3afc05f5b75e7ed1916ba5f5d6c950e6', 'X-BAPI-TIMESTAMP': '1747426488160', 'X-BAPI-RECV-WINDOW': '5000', 'Content-Type': 'application/json'}
[LOG] 2025-05-16 22:14:48 — ⬅️ Status: 200
[LOG] 2025-05-16 22:14:48 — 📦 Ontvangen JSON: {'retCode': 0, 'retMsg': 'OK', 'result': {'list': [{'totalEquity': '5.74042219', 'accountIMRate': '0', 'totalMarginBalance': '5.74042219', 'totalInitialMargin': '0', 'accountType': 'UNIFIED', 'totalAvailableBalance': '5.74042219', 'accountMMRate': '0', 'totalPerpUPL': '0', 'totalWalletBalance': '5.74042219', 'accountLTV': '0', 'totalMaintenanceMargin': '0', 'coin': [{'availableToBorrow': '', 'bonus': '0', 'accruedInterest': '0', 'availableToWithdraw': '', 'totalOrderIM': '0', 'equity': '5.73827034', 'totalPositionMM': '0', 'usdValue': '5.74042219', 'unrealisedPnl': '0', 'collateralSwitch': True, 'spotHedgingQty': '0', 'borrowAmount': '0.000000000000000000', 'totalPositionIM': '0', 'walletBalance': '5.73827034', 'cumRealisedPnl': '-311.37572966', 'locked': '0', 'marginCollateral': True, 'coin': 'USDT'}]}]}, 'retExtInfo': {}, 'time': 1747426488422}
[LOG] 2025-05-16 22:15:13 — 🔑 API Key ontvangen: 9TXkRo941oH1BKNgsv
[LOG] 2025-05-16 22:15:13 — ➡️ Headers: {'X-BAPI-API-KEY': '9TXkRo941oH1BKNgsv', 'X-BAPI-SIGN': 'f60d248407775f952eee15cf45bd664564b704805131d0ab702cd893f5bc7761', 'X-BAPI-TIMESTAMP': '1747426513575', 'X-BAPI-RECV-WINDOW': '5000', 'Content-Type': 'application/json'}
[LOG] 2025-05-16 22:15:13 — ⬅️ Status: 200
[LOG] 2025-05-16 22:15:13 — 📦 Ontvangen JSON: {'retCode': 0, 'retMsg': 'OK', 'result': {'list': [{'totalEquity': '5.74042219', 'accountIMRate': '0', 'totalMarginBalance': '5.74042219', 'totalInitialMargin': '0', 'accountType': 'UNIFIED', 'totalAvailableBalance': '5.74042219', 'accountMMRate': '0', 'totalPerpUPL': '0', 'totalWalletBalance': '5.74042219', 'accountLTV': '0', 'totalMaintenanceMargin': '0', 'coin': [{'availableToBorrow': '', 'bonus': '0', 'accruedInterest': '0', 'availableToWithdraw': '', 'totalOrderIM': '0', 'equity': '5.73827034', 'totalPositionMM': '0', 'usdValue': '5.74042219', 'unrealisedPnl': '0', 'collateralSwitch': True, 'spotHedgingQty': '0', 'borrowAmount': '0.000000000000000000', 'totalPositionIM': '0', 'walletBalance': '5.73827034', 'cumRealisedPnl': '-311.37572966', 'locked': '0', 'marginCollateral': True, 'coin': 'USDT'}]}]}, 'retExtInfo': {}, 'time': 1747426513850}
[LOG] 2025-05-16 22:15:13 — 🔑 API Key ontvangen: 9TXkRo941oH1BKNgsv
[LOG] 2025-05-16 22:15:13 — ➡️ Headers: {'X-BAPI-API-KEY': '9TXkRo941oH1BKNgsv', 'X-BAPI-SIGN': '7376e77c0ba6617d979d57e4cf823442fe22e3a9a0b8bbfc552083391b52389d', 'X-BAPI-TIMESTAMP': '1747426513831', 'X-BAPI-RECV-WINDOW': '5000', 'Content-Type': 'application/json'}
[LOG] 2025-05-16 22:15:14 — ⬅️ Status: 200
[LOG] 2025-05-16 22:15:14 — 📦 Ontvangen JSON: {'retCode': 0, 'retMsg': 'OK', 'result': {'list': [{'totalEquity': '5.74042219', 'accountIMRate': '0', 'totalMarginBalance': '5.74042219', 'totalInitialMargin': '0', 'accountType': 'UNIFIED', 'totalAvailableBalance': '5.74042219', 'accountMMRate': '0', 'totalPerpUPL': '0', 'totalWalletBalance': '5.74042219', 'accountLTV': '0', 'totalMaintenanceMargin': '0', 'coin': [{'availableToBorrow': '', 'bonus': '0', 'accruedInterest': '0', 'availableToWithdraw': '', 'totalOrderIM': '0', 'equity': '5.73827034', 'totalPositionMM': '0', 'usdValue': '5.74042219', 'unrealisedPnl': '0', 'collateralSwitch': True, 'spotHedgingQty': '0', 'borrowAmount': '0.000000000000000000', 'totalPositionIM': '0', 'walletBalance': '5.73827034', 'cumRealisedPnl': '-311.37572966', 'locked': '0', 'marginCollateral': True, 'coin': 'USDT'}]}]}, 'retExtInfo': {}, 'time': 1747426514105}
[LOG] 2025-05-17 03:22:02 — 🔑 API Key ontvangen: 9TXkRo941oH1BKNgsv
[LOG] 2025-05-17 03:22:02 — ➡️ Headers: {'X-BAPI-API-KEY': '9TXkRo941oH1BKNgsv', 'X-BAPI-SIGN': '889ca064abdb0e98558cbe63ad1d82ca509f0f655b854817ed23e2ed156fa98b', 'X-BAPI-TIMESTAMP': '1747444922438', 'X-BAPI-RECV-WINDOW': '5000', 'Content-Type': 'application/json'}
[LOG] 2025-05-17 03:22:02 — ⬅️ Status: 200
[LOG] 2025-05-17 03:22:02 — 📦 Ontvangen JSON: {'retCode': 0, 'retMsg': 'OK', 'result': {'list': [{'totalEquity': '5.74020987', 'accountIMRate': '0', 'totalMarginBalance': '5.74020987', 'totalInitialMargin': '0', 'accountType': 'UNIFIED', 'totalAvailableBalance': '5.74020987', 'accountMMRate': '0', 'totalPerpUPL': '0', 'totalWalletBalance': '5.74020987', 'accountLTV': '0', 'totalMaintenanceMargin': '0', 'coin': [{'availableToBorrow': '', 'bonus': '0', 'accruedInterest': '0', 'availableToWithdraw': '', 'totalOrderIM': '0', 'equity': '5.73827034', 'totalPositionMM': '0', 'usdValue': '5.74020987', 'unrealisedPnl': '0', 'collateralSwitch': True, 'spotHedgingQty': '0', 'borrowAmount': '0.000000000000000000', 'totalPositionIM': '0', 'walletBalance': '5.73827034', 'cumRealisedPnl': '-311.37572966', 'locked': '0', 'marginCollateral': True, 'coin': 'USDT'}]}]}, 'retExtInfo': {}, 'time': 1747444922795}
[LOG] 2025-05-17 03:22:02 — 🔑 API Key ontvangen: 9TXkRo941oH1BKNgsv
[LOG] 2025-05-17 03:22:02 — ➡️ Headers: {'X-BAPI-API-KEY': '9TXkRo941oH1BKNgsv', 'X-BAPI-SIGN': 'b49ea1ea737693bd9d9a081ed6596341f8ec9dd1c362c5776faeef830c5fcdd4', 'X-BAPI-TIMESTAMP': '1747444922848', 'X-BAPI-RECV-WINDOW': '5000', 'Content-Type': 'application/json'}
[LOG] 2025-05-17 03:22:03 — ⬅️ Status: 200
[LOG] 2025-05-17 03:22:03 — 📦 Ontvangen JSON: {'retCode': 0, 'retMsg': 'OK', 'result': {'list': [{'totalEquity': '5.74043366', 'accountIMRate': '0', 'totalMarginBalance': '5.74043366', 'totalInitialMargin': '0', 'accountType': 'UNIFIED', 'totalAvailableBalance': '5.74043366', 'accountMMRate': '0', 'totalPerpUPL': '0', 'totalWalletBalance': '5.74043366', 'accountLTV': '0', 'totalMaintenanceMargin': '0', 'coin': [{'availableToBorrow': '', 'bonus': '0', 'accruedInterest': '0', 'availableToWithdraw': '', 'totalOrderIM': '0', 'equity': '5.73827034', 'totalPositionMM': '0', 'usdValue': '5.74043366', 'unrealisedPnl': '0', 'collateralSwitch': True, 'spotHedgingQty': '0', 'borrowAmount': '0.000000000000000000', 'totalPositionIM': '0', 'walletBalance': '5.73827034', 'cumRealisedPnl': '-311.37572966', 'locked': '0', 'marginCollateral': True, 'coin': 'USDT'}]}]}, 'retExtInfo': {}, 'time': 1747444923041}
[LOG] 2025-05-17 03:23:01 — 🔑 API Key ontvangen: 9TXkRo941oH1BKNgsv
[LOG] 2025-05-17 03:23:01 — ➡️ Headers: {'X-BAPI-API-KEY': '9TXkRo941oH1BKNgsv', 'X-BAPI-SIGN': '936a18e51e29f0b15aef42d854f06d424bb15d305152c609a2573d4d95a878ad', 'X-BAPI-TIMESTAMP': '1747444981183', 'X-BAPI-RECV-WINDOW': '5000', 'Content-Type': 'application/json'}
[LOG] 2025-05-17 03:23:01 — ⬅️ Status: 200
[LOG] 2025-05-17 03:23:01 — 📦 Ontvangen JSON: {'retCode': 0, 'retMsg': 'OK', 'result': {'list': [{'totalEquity': '5.74074927', 'accountIMRate': '0', 'totalMarginBalance': '5.74074927', 'totalInitialMargin': '0', 'accountType': 'UNIFIED', 'totalAvailableBalance': '5.74074927', 'accountMMRate': '0', 'totalPerpUPL': '0', 'totalWalletBalance': '5.74074927', 'accountLTV': '0', 'totalMaintenanceMargin': '0', 'coin': [{'availableToBorrow': '', 'bonus': '0', 'accruedInterest': '0', 'availableToWithdraw': '', 'totalOrderIM': '0', 'equity': '5.73827034', 'totalPositionMM': '0', 'usdValue': '5.74074927', 'unrealisedPnl': '0', 'collateralSwitch': True, 'spotHedgingQty': '0', 'borrowAmount': '0.000000000000000000', 'totalPositionIM': '0', 'walletBalance': '5.73827034', 'cumRealisedPnl': '-311.37572966', 'locked': '0', 'marginCollateral': True, 'coin': 'USDT'}]}]}, 'retExtInfo': {}, 'time': 1747444981384}
[LOG] 2025-05-17 03:23:01 — 🔑 API Key ontvangen: 9TXkRo941oH1BKNgsv
[LOG] 2025-05-17 03:23:01 — ➡️ Headers: {'X-BAPI-API-KEY': '9TXkRo941oH1BKNgsv', 'X-BAPI-SIGN': '14f21ebf2c2e1867705fdd5eb5699bee5923917b2b4b87a097d7768867cd73b4', 'X-BAPI-TIMESTAMP': '1747444981447', 'X-BAPI-RECV-WINDOW': '5000', 'Content-Type': 'application/json'}
[LOG] 2025-05-17 03:23:01 — ⬅️ Status: 200
[LOG] 2025-05-17 03:23:01 — 📦 Ontvangen JSON: {'retCode': 0, 'retMsg': 'OK', 'result': {'list': [{'totalEquity': '5.74074927', 'accountIMRate': '0', 'totalMarginBalance': '5.74074927', 'totalInitialMargin': '0', 'accountType': 'UNIFIED', 'totalAvailableBalance': '5.74074927', 'accountMMRate': '0', 'totalPerpUPL': '0', 'totalWalletBalance': '5.74074927', 'accountLTV': '0', 'totalMaintenanceMargin': '0', 'coin': [{'availableToBorrow': '', 'bonus': '0', 'accruedInterest': '0', 'availableToWithdraw': '', 'totalOrderIM': '0', 'equity': '5.73827034', 'totalPositionMM': '0', 'usdValue': '5.74074927', 'unrealisedPnl': '0', 'collateralSwitch': True, 'spotHedgingQty': '0', 'borrowAmount': '0.000000000000000000', 'totalPositionIM': '0', 'walletBalance': '5.73827034', 'cumRealisedPnl': '-311.37572966', 'locked': '0', 'marginCollateral': True, 'coin': 'USDT'}]}]}, 'retExtInfo': {}, 'time': 1747444981696}
[LOG] 2025-05-17 04:08:26 — 🔑 Closed Trades Key: 9TXkRo941oH1BKNgsv
[LOG] 2025-05-17 04:08:26 — 🔥 Exception Closed Trades: sign_request() takes 2 positional arguments but 3 were given
[LOG] 2025-05-17 04:08:26 — 🔑 Closed Trades Key: 9TXkRo941oH1BKNgsv
[LOG] 2025-05-17 04:08:26 — 🔥 Exception Closed Trades: sign_request() takes 2 positional arguments but 3 were given
[LOG] 2025-05-17 04:08:51 — 🔑 Closed Trades Key: 9TXkRo941oH1BKNgsv
[LOG] 2025-05-17 04:08:51 — 🔥 Exception Closed Trades: sign_request() takes 2 positional arguments but 3 were given
[LOG] 2025-05-17 04:08:51 — 🔑 Closed Trades Key: 9TXkRo941oH1BKNgsv
[LOG] 2025-05-17 04:08:51 — 🔥 Exception Closed Trades: sign_request() takes 2 positional arguments but 3 were given
[LOG] 2025-05-17 04:13:59 — 🔑 Closed Trades Key: 9TXkRo941oH1BKNgsv
[LOG] 2025-05-17 04:13:59 — ⬅️ Closed Trades status 200
[LOG] 2025-05-17 04:13:59 — 📦 Closed Trades JSON: {'retCode': 10004, 'retMsg': 'error sign! origin_string[17474480390309TXkRo941oH1BKNgsv5000category=linear&accountType=UNIFIED&limit=50]', 'result': {}, 'retExtInfo': {}, 'time': 1747448039489}
[LOG] 2025-05-17 04:13:59 — 🔑 Closed Trades Key: 9TXkRo941oH1BKNgsv
[LOG] 2025-05-17 04:13:59 — ⬅️ Closed Trades status 200
[LOG] 2025-05-17 04:13:59 — 📦 Closed Trades JSON: {'retCode': 10004, 'retMsg': 'error sign! origin_string[17474480394289TXkRo941oH1BKNgsv5000category=linear&accountType=UNIFIED&limit=50]', 'result': {}, 'retExtInfo': {}, 'time': 1747448039728}
[LOG] 2025-05-17 04:14:54 — 🔑 Closed Trades Key: 9TXkRo941oH1BKNgsv
[LOG] 2025-05-17 04:14:54 — ⬅️ Closed Trades status 200
[LOG] 2025-05-17 04:14:54 — 📦 Closed Trades JSON: {'retCode': 10004, 'retMsg': 'error sign! origin_string[17474480945379TXkRo941oH1BKNgsv5000category=linear&accountType=UNIFIED&limit=50]', 'result': {}, 'retExtInfo': {}, 'time': 1747448094841}
[LOG] 2025-05-17 04:14:54 — 🔑 Closed Trades Key: 9TXkRo941oH1BKNgsv
[LOG] 2025-05-17 04:14:55 — ⬅️ Closed Trades status 200
[LOG] 2025-05-17 04:14:55 — 📦 Closed Trades JSON: {'retCode': 10004, 'retMsg': 'error sign! origin_string[17474480947819TXkRo941oH1BKNgsv5000category=linear&accountType=UNIFIED&limit=50]', 'result': {}, 'retExtInfo': {}, 'time': 1747448095167}
[LOG] 2025-05-17 04:15:02 — 🔑 Closed Trades Key: 9TXkRo941oH1BKNgsv
[LOG] 2025-05-17 04:15:03 — ⬅️ Closed Trades status 200
[LOG] 2025-05-17 04:15:03 — 📦 Closed Trades JSON: {'retCode': 10004, 'retMsg': 'error sign! origin_string[17474481029559TXkRo941oH1BKNgsv5000category=linear&accountType=UNIFIED&limit=50]', 'result': {}, 'retExtInfo': {}, 'time': 1747448103305}
[LOG] 2025-05-17 04:15:03 — 🔑 Closed Trades Key: 9TXkRo941oH1BKNgsv
[LOG] 2025-05-17 04:15:03 — ⬅️ Closed Trades status 200
[LOG] 2025-05-17 04:15:03 — 📦 Closed Trades JSON: {'retCode': 10004, 'retMsg': 'error sign! origin_string[17474481032529TXkRo941oH1BKNgsv5000category=linear&accountType=UNIFIED&limit=50]', 'result': {}, 'retExtInfo': {}, 'time': 1747448103580}
